-------------------------------------------------------------------------------
Test set: com.redtape9.fileuploader.FileuploaderSuite
-------------------------------------------------------------------------------
Tests run: 2, Failures: 2, Errors: 0, Skipped: 0, Time elapsed: 0.02 s <<< FAILURE! - in com.redtape9.fileuploader.FileuploaderSuite
warning(junit.framework.TestSuite$1)  Time elapsed: 0.003 s  <<< FAILURE!
junit.framework.AssertionFailedError: 
Exception in constructor: testGreetingService (java.lang.Error: Unresolved compilation problems: 
	The hierarchy of the type FileuploaderTest is inconsistent
	The type junit.framework.TestCase cannot be resolved. It is indirectly referenced from required type com.google.gwt.junit.client.GWTTestCase
	The method assertFalse(boolean) is undefined for the type FileuploaderTest
	The method assertFalse(boolean) is undefined for the type FileuploaderTest
	The method assertFalse(boolean) is undefined for the type FileuploaderTest
	The method assertFalse(boolean) is undefined for the type FileuploaderTest
	The method assertFalse(boolean) is undefined for the type FileuploaderTest
	The method assertTrue(boolean) is undefined for the type FileuploaderTest
	GreetingServiceAsync cannot be resolved to a type
	The method create(Class<?>) from the type GWT refers to the missing type GreetingServiceAsync
	GreetingService cannot be resolved to a type
	The method fail(String) is undefined for the type new AsyncCallback<String>(){}
	The method assertTrue(boolean) is undefined for the type new AsyncCallback<String>(){}

	at com.redtape9.fileuploader.client.FileuploaderTest.<init>(FileuploaderTest.java:12)
	at java.base/jdk.internal.reflect.DirectConstructorHandleAccessor.newInstance(DirectConstructorHandleAccessor.java:62)
	at java.base/java.lang.reflect.Constructor.newInstanceWithCaller(Constructor.java:502)
	at java.base/java.lang.reflect.Constructor.newInstance(Constructor.java:486)
	at junit.framework.TestSuite.createTest(TestSuite.java:63)
	at junit.framework.TestSuite.addTestMethod(TestSuite.java:310)
	at junit.framework.TestSuite.addTestsFromTestCase(TestSuite.java:153)
	at junit.framework.TestSuite.<init>(TestSuite.java:132)
	at junit.framework.TestSuite.addTestSuite(TestSuite.java:219)
	at com.redtape9.fileuploader.FileuploaderSuite.suite(FileuploaderSuite.java:11)
	at java.base/jdk.internal.reflect.DirectMethodHandleAccessor.invoke(DirectMethodHandleAccessor.java:103)
	at java.base/java.lang.reflect.Method.invoke(Method.java:580)
	at org.junit.internal.runners.SuiteMethod.testFromSuiteMethod(SuiteMethod.java:35)
	at org.junit.internal.runners.SuiteMethod.<init>(SuiteMethod.java:24)
	at org.junit.internal.builders.SuiteMethodBuilder.runnerForClass(SuiteMethodBuilder.java:11)
	at org.junit.runners.model.RunnerBuilder.safeRunnerForClass(RunnerBuilder.java:59)
	at org.junit.internal.builders.AllDefaultPossibilitiesBuilder.runnerForClass(AllDefaultPossibilitiesBuilder.java:26)
	at org.junit.runners.model.RunnerBuilder.safeRunnerForClass(RunnerBuilder.java:59)
	at org.junit.internal.requests.ClassRequest.getRunner(ClassRequest.java:26)
	at org.apache.maven.surefire.junit4.JUnit4Provider.execute(JUnit4Provider.java:362)
	at org.apache.maven.surefire.junit4.JUnit4Provider.executeWithRerun(JUnit4Provider.java:272)
	at org.apache.maven.surefire.junit4.JUnit4Provider.executeTestSet(JUnit4Provider.java:236)
	at org.apache.maven.surefire.junit4.JUnit4Provider.invoke(JUnit4Provider.java:159)
	at org.apache.maven.surefire.booter.ForkedBooter.invokeProviderInSameClassLoader(ForkedBooter.java:386)
	at org.apache.maven.surefire.booter.ForkedBooter.runSuitesInProcess(ForkedBooter.java:323)
	at org.apache.maven.surefire.booter.ForkedBooter.main(ForkedBooter.java:143)
)
	at junit.framework.TestSuite$1.runTest(TestSuite.java:100)

warning(junit.framework.TestSuite$1)  Time elapsed: 0 s  <<< FAILURE!
junit.framework.AssertionFailedError: 
Exception in constructor: testFieldVerifier (java.lang.Error: Unresolved compilation problems: 
	The hierarchy of the type FileuploaderTest is inconsistent
	The type junit.framework.TestCase cannot be resolved. It is indirectly referenced from required type com.google.gwt.junit.client.GWTTestCase
	The method assertFalse(boolean) is undefined for the type FileuploaderTest
	The method assertFalse(boolean) is undefined for the type FileuploaderTest
	The method assertFalse(boolean) is undefined for the type FileuploaderTest
	The method assertFalse(boolean) is undefined for the type FileuploaderTest
	The method assertFalse(boolean) is undefined for the type FileuploaderTest
	The method assertTrue(boolean) is undefined for the type FileuploaderTest
	GreetingServiceAsync cannot be resolved to a type
	The method create(Class<?>) from the type GWT refers to the missing type GreetingServiceAsync
	GreetingService cannot be resolved to a type
	The method fail(String) is undefined for the type new AsyncCallback<String>(){}
	The method assertTrue(boolean) is undefined for the type new AsyncCallback<String>(){}

	at com.redtape9.fileuploader.client.FileuploaderTest.<init>(FileuploaderTest.java:12)
	at java.base/jdk.internal.reflect.DirectConstructorHandleAccessor.newInstance(DirectConstructorHandleAccessor.java:62)
	at java.base/java.lang.reflect.Constructor.newInstanceWithCaller(Constructor.java:502)
	at java.base/java.lang.reflect.Constructor.newInstance(Constructor.java:486)
	at junit.framework.TestSuite.createTest(TestSuite.java:63)
	at junit.framework.TestSuite.addTestMethod(TestSuite.java:310)
	at junit.framework.TestSuite.addTestsFromTestCase(TestSuite.java:153)
	at junit.framework.TestSuite.<init>(TestSuite.java:132)
	at junit.framework.TestSuite.addTestSuite(TestSuite.java:219)
	at com.redtape9.fileuploader.FileuploaderSuite.suite(FileuploaderSuite.java:11)
	at java.base/jdk.internal.reflect.DirectMethodHandleAccessor.invoke(DirectMethodHandleAccessor.java:103)
	at java.base/java.lang.reflect.Method.invoke(Method.java:580)
	at org.junit.internal.runners.SuiteMethod.testFromSuiteMethod(SuiteMethod.java:35)
	at org.junit.internal.runners.SuiteMethod.<init>(SuiteMethod.java:24)
	at org.junit.internal.builders.SuiteMethodBuilder.runnerForClass(SuiteMethodBuilder.java:11)
	at org.junit.runners.model.RunnerBuilder.safeRunnerForClass(RunnerBuilder.java:59)
	at org.junit.internal.builders.AllDefaultPossibilitiesBuilder.runnerForClass(AllDefaultPossibilitiesBuilder.java:26)
	at org.junit.runners.model.RunnerBuilder.safeRunnerForClass(RunnerBuilder.java:59)
	at org.junit.internal.requests.ClassRequest.getRunner(ClassRequest.java:26)
	at org.apache.maven.surefire.junit4.JUnit4Provider.execute(JUnit4Provider.java:362)
	at org.apache.maven.surefire.junit4.JUnit4Provider.executeWithRerun(JUnit4Provider.java:272)
	at org.apache.maven.surefire.junit4.JUnit4Provider.executeTestSet(JUnit4Provider.java:236)
	at org.apache.maven.surefire.junit4.JUnit4Provider.invoke(JUnit4Provider.java:159)
	at org.apache.maven.surefire.booter.ForkedBooter.invokeProviderInSameClassLoader(ForkedBooter.java:386)
	at org.apache.maven.surefire.booter.ForkedBooter.runSuitesInProcess(ForkedBooter.java:323)
	at org.apache.maven.surefire.booter.ForkedBooter.main(ForkedBooter.java:143)
)
	at junit.framework.TestSuite$1.runTest(TestSuite.java:100)

