<?xml version="1.0" encoding="UTF-8"?>
<testsuite xmlns:xsi="http://www.w3.org/2001/XMLSchema-instance" xsi:noNamespaceSchemaLocation="https://maven.apache.org/surefire/maven-surefire-plugin/xsd/surefire-test-report.xsd" name="com.redtape9.fileuploader.FileuploaderSuite" time="0.02" tests="2" errors="0" skipped="0" failures="2">
  <properties>
    <property name="java.specification.version" value="21"/>
    <property name="sun.jnu.encoding" value="UTF-8"/>
    <property name="java.class.path" value="/opt/homebrew/Cellar/maven/3.9.6/libexec/boot/plexus-classworlds-2.7.0.jar"/>
    <property name="java.vm.vendor" value="Homebrew"/>
    <property name="sun.arch.data.model" value="64"/>
    <property name="java.vendor.url" value="https://github.com/Homebrew/homebrew-core/issues"/>
    <property name="user.timezone" value="Europe/Berlin"/>
    <property name="maven.conf" value="/opt/homebrew/Cellar/maven/3.9.6/libexec/conf"/>
    <property name="java.vm.specification.version" value="21"/>
    <property name="os.name" value="Mac OS X"/>
    <property name="sun.java.launcher" value="SUN_STANDARD"/>
    <property name="user.country" value="DE"/>
    <property name="sun.boot.library.path" value="/opt/homebrew/Cellar/openjdk/21.0.2/libexec/openjdk.jdk/Contents/Home/lib"/>
    <property name="sun.java.command" value="org.codehaus.plexus.classworlds.launcher.Launcher package"/>
    <property name="http.nonProxyHosts" value="local|*.local|169.254/16|*.169.254/16"/>
    <property name="jdk.debug" value="release"/>
    <property name="maven.home" value="/opt/homebrew/Cellar/maven/3.9.6/libexec"/>
    <property name="sun.cpu.endian" value="little"/>
    <property name="user.home" value="/Users/macbook"/>
    <property name="user.language" value="de"/>
    <property name="java.specification.vendor" value="Oracle Corporation"/>
    <property name="java.version.date" value="2024-01-16"/>
    <property name="java.home" value="/opt/homebrew/Cellar/openjdk/21.0.2/libexec/openjdk.jdk/Contents/Home"/>
    <property name="file.separator" value="/"/>
    <property name="java.vm.compressedOopsMode" value="Zero based"/>
    <property name="line.separator" value="&#10;"/>
    <property name="java.vm.specification.vendor" value="Oracle Corporation"/>
    <property name="java.specification.name" value="Java Platform API Specification"/>
    <property name="apple.awt.application.name" value="Launcher"/>
    <property name="sun.management.compiler" value="HotSpot 64-Bit Tiered Compilers"/>
    <property name="ftp.nonProxyHosts" value="local|*.local|169.254/16|*.169.254/16"/>
    <property name="java.runtime.version" value="21.0.2"/>
    <property name="user.name" value="macbook"/>
    <property name="stdout.encoding" value="UTF-8"/>
    <property name="path.separator" value=":"/>
    <property name="os.version" value="13.2.1"/>
    <property name="java.runtime.name" value="OpenJDK Runtime Environment"/>
    <property name="file.encoding" value="UTF-8"/>
    <property name="guice.disable.misplaced.annotation.check" value="true"/>
    <property name="java.vm.name" value="OpenJDK 64-Bit Server VM"/>
    <property name="java.vendor.version" value="Homebrew"/>
    <property name="java.vendor.url.bug" value="https://github.com/Homebrew/homebrew-core/issues"/>
    <property name="java.io.tmpdir" value="/var/folders/ss/730wf58j699gxpnfrgf46zg80000gn/T/"/>
    <property name="java.version" value="21.0.2"/>
    <property name="user.dir" value="/Users/macbook/eclipse-workspace/fileuploader"/>
    <property name="os.arch" value="aarch64"/>
    <property name="maven.multiModuleProjectDirectory" value="/Users/macbook/eclipse-workspace/fileuploader"/>
    <property name="java.vm.specification.name" value="Java Virtual Machine Specification"/>
    <property name="native.encoding" value="UTF-8"/>
    <property name="java.library.path" value="/Users/macbook/Library/Java/Extensions:/Library/Java/Extensions:/Network/Library/Java/Extensions:/System/Library/Java/Extensions:/usr/lib/java:."/>
    <property name="java.vm.info" value="mixed mode, sharing"/>
    <property name="stderr.encoding" value="UTF-8"/>
    <property name="java.vendor" value="Homebrew"/>
    <property name="java.vm.version" value="21.0.2"/>
    <property name="classworlds.conf" value="/opt/homebrew/Cellar/maven/3.9.6/libexec/bin/m2.conf"/>
    <property name="sun.io.unicode.encoding" value="UnicodeBig"/>
    <property name="library.jansi.path" value="/opt/homebrew/Cellar/maven/3.9.6/libexec/lib/jansi-native"/>
    <property name="socksNonProxyHosts" value="local|*.local|169.254/16|*.169.254/16"/>
    <property name="java.class.version" value="65.0"/>
  </properties>
  <testcase name="warning" classname="junit.framework.TestSuite$1" time="0.003">
    <failure message="Exception in constructor: testGreetingService (java.lang.Error: Unresolved compilation problems: &#10;	The hierarchy of the type FileuploaderTest is inconsistent&#10;	The type junit.framework.TestCase cannot be resolved. It is indirectly referenced from required type com.google.gwt.junit.client.GWTTestCase&#10;	The method assertFalse(boolean) is undefined for the type FileuploaderTest&#10;	The method assertFalse(boolean) is undefined for the type FileuploaderTest&#10;	The method assertFalse(boolean) is undefined for the type FileuploaderTest&#10;	The method assertFalse(boolean) is undefined for the type FileuploaderTest&#10;	The method assertFalse(boolean) is undefined for the type FileuploaderTest&#10;	The method assertTrue(boolean) is undefined for the type FileuploaderTest&#10;	GreetingServiceAsync cannot be resolved to a type&#10;	The method create(Class&lt;?&gt;) from the type GWT refers to the missing type GreetingServiceAsync&#10;	GreetingService cannot be resolved to a type&#10;	The method fail(String) is undefined for the type new AsyncCallback&lt;String&gt;(){}&#10;	The method assertTrue(boolean) is undefined for the type new AsyncCallback&lt;String&gt;(){}&#10;&#10;	at com.redtape9.fileuploader.client.FileuploaderTest.&lt;init&gt;(FileuploaderTest.java:12)&#10;	at java.base/jdk.internal.reflect.DirectConstructorHandleAccessor.newInstance(DirectConstructorHandleAccessor.java:62)&#10;	at java.base/java.lang.reflect.Constructor.newInstanceWithCaller(Constructor.java:502)&#10;	at java.base/java.lang.reflect.Constructor.newInstance(Constructor.java:486)&#10;	at junit.framework.TestSuite.createTest(TestSuite.java:63)&#10;	at junit.framework.TestSuite.addTestMethod(TestSuite.java:310)&#10;	at junit.framework.TestSuite.addTestsFromTestCase(TestSuite.java:153)&#10;	at junit.framework.TestSuite.&lt;init&gt;(TestSuite.java:132)&#10;	at junit.framework.TestSuite.addTestSuite(TestSuite.java:219)&#10;	at com.redtape9.fileuploader.FileuploaderSuite.suite(FileuploaderSuite.java:11)&#10;	at java.base/jdk.internal.reflect.DirectMethodHandleAccessor.invoke(DirectMethodHandleAccessor.java:103)&#10;	at java.base/java.lang.reflect.Method.invoke(Method.java:580)&#10;	at org.junit.internal.runners.SuiteMethod.testFromSuiteMethod(SuiteMethod.java:35)&#10;	at org.junit.internal.runners.SuiteMethod.&lt;init&gt;(SuiteMethod.java:24)&#10;	at org.junit.internal.builders.SuiteMethodBuilder.runnerForClass(SuiteMethodBuilder.java:11)&#10;	at org.junit.runners.model.RunnerBuilder.safeRunnerForClass(RunnerBuilder.java:59)&#10;	at org.junit.internal.builders.AllDefaultPossibilitiesBuilder.runnerForClass(AllDefaultPossibilitiesBuilder.java:26)&#10;	at org.junit.runners.model.RunnerBuilder.safeRunnerForClass(RunnerBuilder.java:59)&#10;	at org.junit.internal.requests.ClassRequest.getRunner(ClassRequest.java:26)&#10;	at org.apache.maven.surefire.junit4.JUnit4Provider.execute(JUnit4Provider.java:362)&#10;	at org.apache.maven.surefire.junit4.JUnit4Provider.executeWithRerun(JUnit4Provider.java:272)&#10;	at org.apache.maven.surefire.junit4.JUnit4Provider.executeTestSet(JUnit4Provider.java:236)&#10;	at org.apache.maven.surefire.junit4.JUnit4Provider.invoke(JUnit4Provider.java:159)&#10;	at org.apache.maven.surefire.booter.ForkedBooter.invokeProviderInSameClassLoader(ForkedBooter.java:386)&#10;	at org.apache.maven.surefire.booter.ForkedBooter.runSuitesInProcess(ForkedBooter.java:323)&#10;	at org.apache.maven.surefire.booter.ForkedBooter.main(ForkedBooter.java:143)&#10;)" type="junit.framework.AssertionFailedError"><![CDATA[junit.framework.AssertionFailedError: 
Exception in constructor: testGreetingService (java.lang.Error: Unresolved compilation problems: 
	The hierarchy of the type FileuploaderTest is inconsistent
	The type junit.framework.TestCase cannot be resolved. It is indirectly referenced from required type com.google.gwt.junit.client.GWTTestCase
	The method assertFalse(boolean) is undefined for the type FileuploaderTest
	The method assertFalse(boolean) is undefined for the type FileuploaderTest
	The method assertFalse(boolean) is undefined for the type FileuploaderTest
	The method assertFalse(boolean) is undefined for the type FileuploaderTest
	The method assertFalse(boolean) is undefined for the type FileuploaderTest
	The method assertTrue(boolean) is undefined for the type FileuploaderTest
	GreetingServiceAsync cannot be resolved to a type
	The method create(Class<?>) from the type GWT refers to the missing type GreetingServiceAsync
	GreetingService cannot be resolved to a type
	The method fail(String) is undefined for the type new AsyncCallback<String>(){}
	The method assertTrue(boolean) is undefined for the type new AsyncCallback<String>(){}

	at com.redtape9.fileuploader.client.FileuploaderTest.<init>(FileuploaderTest.java:12)
	at java.base/jdk.internal.reflect.DirectConstructorHandleAccessor.newInstance(DirectConstructorHandleAccessor.java:62)
	at java.base/java.lang.reflect.Constructor.newInstanceWithCaller(Constructor.java:502)
	at java.base/java.lang.reflect.Constructor.newInstance(Constructor.java:486)
	at junit.framework.TestSuite.createTest(TestSuite.java:63)
	at junit.framework.TestSuite.addTestMethod(TestSuite.java:310)
	at junit.framework.TestSuite.addTestsFromTestCase(TestSuite.java:153)
	at junit.framework.TestSuite.<init>(TestSuite.java:132)
	at junit.framework.TestSuite.addTestSuite(TestSuite.java:219)
	at com.redtape9.fileuploader.FileuploaderSuite.suite(FileuploaderSuite.java:11)
	at java.base/jdk.internal.reflect.DirectMethodHandleAccessor.invoke(DirectMethodHandleAccessor.java:103)
	at java.base/java.lang.reflect.Method.invoke(Method.java:580)
	at org.junit.internal.runners.SuiteMethod.testFromSuiteMethod(SuiteMethod.java:35)
	at org.junit.internal.runners.SuiteMethod.<init>(SuiteMethod.java:24)
	at org.junit.internal.builders.SuiteMethodBuilder.runnerForClass(SuiteMethodBuilder.java:11)
	at org.junit.runners.model.RunnerBuilder.safeRunnerForClass(RunnerBuilder.java:59)
	at org.junit.internal.builders.AllDefaultPossibilitiesBuilder.runnerForClass(AllDefaultPossibilitiesBuilder.java:26)
	at org.junit.runners.model.RunnerBuilder.safeRunnerForClass(RunnerBuilder.java:59)
	at org.junit.internal.requests.ClassRequest.getRunner(ClassRequest.java:26)
	at org.apache.maven.surefire.junit4.JUnit4Provider.execute(JUnit4Provider.java:362)
	at org.apache.maven.surefire.junit4.JUnit4Provider.executeWithRerun(JUnit4Provider.java:272)
	at org.apache.maven.surefire.junit4.JUnit4Provider.executeTestSet(JUnit4Provider.java:236)
	at org.apache.maven.surefire.junit4.JUnit4Provider.invoke(JUnit4Provider.java:159)
	at org.apache.maven.surefire.booter.ForkedBooter.invokeProviderInSameClassLoader(ForkedBooter.java:386)
	at org.apache.maven.surefire.booter.ForkedBooter.runSuitesInProcess(ForkedBooter.java:323)
	at org.apache.maven.surefire.booter.ForkedBooter.main(ForkedBooter.java:143)
)
	at junit.framework.TestSuite$1.runTest(TestSuite.java:100)
]]></failure>
  </testcase>
  <testcase name="warning" classname="junit.framework.TestSuite$1" time="0">
    <failure message="Exception in constructor: testFieldVerifier (java.lang.Error: Unresolved compilation problems: &#10;	The hierarchy of the type FileuploaderTest is inconsistent&#10;	The type junit.framework.TestCase cannot be resolved. It is indirectly referenced from required type com.google.gwt.junit.client.GWTTestCase&#10;	The method assertFalse(boolean) is undefined for the type FileuploaderTest&#10;	The method assertFalse(boolean) is undefined for the type FileuploaderTest&#10;	The method assertFalse(boolean) is undefined for the type FileuploaderTest&#10;	The method assertFalse(boolean) is undefined for the type FileuploaderTest&#10;	The method assertFalse(boolean) is undefined for the type FileuploaderTest&#10;	The method assertTrue(boolean) is undefined for the type FileuploaderTest&#10;	GreetingServiceAsync cannot be resolved to a type&#10;	The method create(Class&lt;?&gt;) from the type GWT refers to the missing type GreetingServiceAsync&#10;	GreetingService cannot be resolved to a type&#10;	The method fail(String) is undefined for the type new AsyncCallback&lt;String&gt;(){}&#10;	The method assertTrue(boolean) is undefined for the type new AsyncCallback&lt;String&gt;(){}&#10;&#10;	at com.redtape9.fileuploader.client.FileuploaderTest.&lt;init&gt;(FileuploaderTest.java:12)&#10;	at java.base/jdk.internal.reflect.DirectConstructorHandleAccessor.newInstance(DirectConstructorHandleAccessor.java:62)&#10;	at java.base/java.lang.reflect.Constructor.newInstanceWithCaller(Constructor.java:502)&#10;	at java.base/java.lang.reflect.Constructor.newInstance(Constructor.java:486)&#10;	at junit.framework.TestSuite.createTest(TestSuite.java:63)&#10;	at junit.framework.TestSuite.addTestMethod(TestSuite.java:310)&#10;	at junit.framework.TestSuite.addTestsFromTestCase(TestSuite.java:153)&#10;	at junit.framework.TestSuite.&lt;init&gt;(TestSuite.java:132)&#10;	at junit.framework.TestSuite.addTestSuite(TestSuite.java:219)&#10;	at com.redtape9.fileuploader.FileuploaderSuite.suite(FileuploaderSuite.java:11)&#10;	at java.base/jdk.internal.reflect.DirectMethodHandleAccessor.invoke(DirectMethodHandleAccessor.java:103)&#10;	at java.base/java.lang.reflect.Method.invoke(Method.java:580)&#10;	at org.junit.internal.runners.SuiteMethod.testFromSuiteMethod(SuiteMethod.java:35)&#10;	at org.junit.internal.runners.SuiteMethod.&lt;init&gt;(SuiteMethod.java:24)&#10;	at org.junit.internal.builders.SuiteMethodBuilder.runnerForClass(SuiteMethodBuilder.java:11)&#10;	at org.junit.runners.model.RunnerBuilder.safeRunnerForClass(RunnerBuilder.java:59)&#10;	at org.junit.internal.builders.AllDefaultPossibilitiesBuilder.runnerForClass(AllDefaultPossibilitiesBuilder.java:26)&#10;	at org.junit.runners.model.RunnerBuilder.safeRunnerForClass(RunnerBuilder.java:59)&#10;	at org.junit.internal.requests.ClassRequest.getRunner(ClassRequest.java:26)&#10;	at org.apache.maven.surefire.junit4.JUnit4Provider.execute(JUnit4Provider.java:362)&#10;	at org.apache.maven.surefire.junit4.JUnit4Provider.executeWithRerun(JUnit4Provider.java:272)&#10;	at org.apache.maven.surefire.junit4.JUnit4Provider.executeTestSet(JUnit4Provider.java:236)&#10;	at org.apache.maven.surefire.junit4.JUnit4Provider.invoke(JUnit4Provider.java:159)&#10;	at org.apache.maven.surefire.booter.ForkedBooter.invokeProviderInSameClassLoader(ForkedBooter.java:386)&#10;	at org.apache.maven.surefire.booter.ForkedBooter.runSuitesInProcess(ForkedBooter.java:323)&#10;	at org.apache.maven.surefire.booter.ForkedBooter.main(ForkedBooter.java:143)&#10;)" type="junit.framework.AssertionFailedError"><![CDATA[junit.framework.AssertionFailedError: 
Exception in constructor: testFieldVerifier (java.lang.Error: Unresolved compilation problems: 
	The hierarchy of the type FileuploaderTest is inconsistent
	The type junit.framework.TestCase cannot be resolved. It is indirectly referenced from required type com.google.gwt.junit.client.GWTTestCase
	The method assertFalse(boolean) is undefined for the type FileuploaderTest
	The method assertFalse(boolean) is undefined for the type FileuploaderTest
	The method assertFalse(boolean) is undefined for the type FileuploaderTest
	The method assertFalse(boolean) is undefined for the type FileuploaderTest
	The method assertFalse(boolean) is undefined for the type FileuploaderTest
	The method assertTrue(boolean) is undefined for the type FileuploaderTest
	GreetingServiceAsync cannot be resolved to a type
	The method create(Class<?>) from the type GWT refers to the missing type GreetingServiceAsync
	GreetingService cannot be resolved to a type
	The method fail(String) is undefined for the type new AsyncCallback<String>(){}
	The method assertTrue(boolean) is undefined for the type new AsyncCallback<String>(){}

	at com.redtape9.fileuploader.client.FileuploaderTest.<init>(FileuploaderTest.java:12)
	at java.base/jdk.internal.reflect.DirectConstructorHandleAccessor.newInstance(DirectConstructorHandleAccessor.java:62)
	at java.base/java.lang.reflect.Constructor.newInstanceWithCaller(Constructor.java:502)
	at java.base/java.lang.reflect.Constructor.newInstance(Constructor.java:486)
	at junit.framework.TestSuite.createTest(TestSuite.java:63)
	at junit.framework.TestSuite.addTestMethod(TestSuite.java:310)
	at junit.framework.TestSuite.addTestsFromTestCase(TestSuite.java:153)
	at junit.framework.TestSuite.<init>(TestSuite.java:132)
	at junit.framework.TestSuite.addTestSuite(TestSuite.java:219)
	at com.redtape9.fileuploader.FileuploaderSuite.suite(FileuploaderSuite.java:11)
	at java.base/jdk.internal.reflect.DirectMethodHandleAccessor.invoke(DirectMethodHandleAccessor.java:103)
	at java.base/java.lang.reflect.Method.invoke(Method.java:580)
	at org.junit.internal.runners.SuiteMethod.testFromSuiteMethod(SuiteMethod.java:35)
	at org.junit.internal.runners.SuiteMethod.<init>(SuiteMethod.java:24)
	at org.junit.internal.builders.SuiteMethodBuilder.runnerForClass(SuiteMethodBuilder.java:11)
	at org.junit.runners.model.RunnerBuilder.safeRunnerForClass(RunnerBuilder.java:59)
	at org.junit.internal.builders.AllDefaultPossibilitiesBuilder.runnerForClass(AllDefaultPossibilitiesBuilder.java:26)
	at org.junit.runners.model.RunnerBuilder.safeRunnerForClass(RunnerBuilder.java:59)
	at org.junit.internal.requests.ClassRequest.getRunner(ClassRequest.java:26)
	at org.apache.maven.surefire.junit4.JUnit4Provider.execute(JUnit4Provider.java:362)
	at org.apache.maven.surefire.junit4.JUnit4Provider.executeWithRerun(JUnit4Provider.java:272)
	at org.apache.maven.surefire.junit4.JUnit4Provider.executeTestSet(JUnit4Provider.java:236)
	at org.apache.maven.surefire.junit4.JUnit4Provider.invoke(JUnit4Provider.java:159)
	at org.apache.maven.surefire.booter.ForkedBooter.invokeProviderInSameClassLoader(ForkedBooter.java:386)
	at org.apache.maven.surefire.booter.ForkedBooter.runSuitesInProcess(ForkedBooter.java:323)
	at org.apache.maven.surefire.booter.ForkedBooter.main(ForkedBooter.java:143)
)
	at junit.framework.TestSuite$1.runTest(TestSuite.java:100)
]]></failure>
  </testcase>
</testsuite>